<?xml version="1.0" encoding="UTF-8"?>
<!-- Generated by org.testng.reporters.JUnitXMLReporter -->
<testsuite hostname="harsh-PC" failures="0" tests="4" name="Default test" time="0.065" errors="0" timestamp="1 Oct 2020 08:54:37 GMT">
  <testcase classname="com.qa.tests.DemoTest2" name="div" time="0.023"/>
  <testcase classname="com.qa.tests.DemoTest2" name="mul" time="0.003"/>
  <testcase classname="com.qa.tests.DemoTest2" name="sub" time="0.003"/>
  <testcase classname="com.qa.tests.DemoTest2" name="sum" time="0.002"/>
</testsuite> <!-- Default test -->
