<?xml version="1.0" encoding="UTF-8"?>
<!-- Generated by org.testng.reporters.JUnitXMLReporter -->
<testsuite hostname="DESKTOP-MH6572B" failures="0" tests="12" name="Test" time="0.131" errors="0" timestamp="27 Aug 2020 19:28:02 GMT">
  <testcase classname="com.qa.tests.DemoTest" name="div" time="0.016"/>
  <testcase classname="com.qa.tests.DemoTest" name="mul" time="0.003"/>
  <testcase classname="com.qa.tests.DemoTest" name="sub" time="0.003"/>
  <testcase classname="com.qa.tests.DemoTest" name="sum" time="0.006"/>
  <testcase classname="com.qa.tests.DemoTest1" name="div" time="0.004"/>
  <testcase classname="com.qa.tests.DemoTest1" name="mul" time="0.002"/>
  <testcase classname="com.qa.tests.DemoTest1" name="sub" time="0.009"/>
  <testcase classname="com.qa.tests.DemoTest1" name="sum" time="0.004"/>
  <testcase classname="com.qa.tests.DemoTest2" name="div" time="0.004"/>
  <testcase classname="com.qa.tests.DemoTest2" name="mul" time="0.007"/>
  <testcase classname="com.qa.tests.DemoTest2" name="sub" time="0.006"/>
  <testcase classname="com.qa.tests.DemoTest2" name="sum" time="0.003"/>
</testsuite> <!-- Test -->
