<?xml version="1.0" encoding="UTF-8"?>
<!-- Generated by org.testng.reporters.JUnitXMLReporter -->
<testsuite hostname="harsh-PC" failures="0" tests="12" name="Test" time="0.081" errors="0" timestamp="1 Oct 2020 08:53:43 GMT">
  <testcase classname="com.qa.tests.DemoTest" name="div" time="0.045"/>
  <testcase classname="com.qa.tests.DemoTest" name="mul" time="0.0"/>
  <testcase classname="com.qa.tests.DemoTest" name="sub" time="0.0"/>
  <testcase classname="com.qa.tests.DemoTest" name="sum" time="0.001"/>
  <testcase classname="com.qa.tests.DemoTest1" name="div" time="0.0"/>
  <testcase classname="com.qa.tests.DemoTest1" name="mul" time="0.001"/>
  <testcase classname="com.qa.tests.DemoTest1" name="sub" time="0.001"/>
  <testcase classname="com.qa.tests.DemoTest1" name="sum" time="0.001"/>
  <testcase classname="com.qa.tests.DemoTest2" name="div" time="0.001"/>
  <testcase classname="com.qa.tests.DemoTest2" name="mul" time="0.002"/>
  <testcase classname="com.qa.tests.DemoTest2" name="sub" time="0.0"/>
  <testcase classname="com.qa.tests.DemoTest2" name="sum" time="0.0"/>
</testsuite> <!-- Test -->
