<?xml version="1.0" encoding="UTF-8"?>
<testng-results total="12" passed="12" failed="0" skipped="0">
  <reporter-output>
  </reporter-output>
  <suite started-at="2020-10-01T08:53:43Z" name="Suite" finished-at="2020-10-01T08:53:43Z" duration-ms="81">
    <groups>
    </groups>
    <test started-at="2020-10-01T08:53:43Z" name="Test" finished-at="2020-10-01T08:53:43Z" duration-ms="81">
      <class name="com.qa.tests.DemoTest">
        <test-method signature="div()[pri:0, instance:com.qa.tests.DemoTest@6283d8b8]" started-at="2020-10-01T14:23:43Z" name="div" finished-at="2020-10-01T14:23:43Z" duration-ms="45" status="PASS">
          <reporter-output>
          </reporter-output>
        </test-method> <!-- div -->
        <test-method signature="mul()[pri:0, instance:com.qa.tests.DemoTest@6283d8b8]" started-at="2020-10-01T14:23:43Z" name="mul" finished-at="2020-10-01T14:23:43Z" duration-ms="0" status="PASS">
          <reporter-output>
          </reporter-output>
        </test-method> <!-- mul -->
        <test-method signature="sub()[pri:0, instance:com.qa.tests.DemoTest@6283d8b8]" started-at="2020-10-01T14:23:43Z" name="sub" finished-at="2020-10-01T14:23:43Z" duration-ms="0" status="PASS">
          <reporter-output>
          </reporter-output>
        </test-method> <!-- sub -->
        <test-method signature="sum()[pri:0, instance:com.qa.tests.DemoTest@6283d8b8]" started-at="2020-10-01T14:23:43Z" name="sum" finished-at="2020-10-01T14:23:43Z" duration-ms="1" status="PASS">
          <reporter-output>
          </reporter-output>
        </test-method> <!-- sum -->
      </class> <!-- com.qa.tests.DemoTest -->
      <class name="com.qa.tests.DemoTest1">
        <test-method signature="div()[pri:0, instance:com.qa.tests.DemoTest1@28f2a10f]" started-at="2020-10-01T14:23:43Z" name="div" finished-at="2020-10-01T14:23:43Z" duration-ms="0" status="PASS">
          <reporter-output>
          </reporter-output>
        </test-method> <!-- div -->
        <test-method signature="mul()[pri:0, instance:com.qa.tests.DemoTest1@28f2a10f]" started-at="2020-10-01T14:23:43Z" name="mul" finished-at="2020-10-01T14:23:43Z" duration-ms="1" status="PASS">
          <reporter-output>
          </reporter-output>
        </test-method> <!-- mul -->
        <test-method signature="sub()[pri:0, instance:com.qa.tests.DemoTest1@28f2a10f]" started-at="2020-10-01T14:23:43Z" name="sub" finished-at="2020-10-01T14:23:43Z" duration-ms="1" status="PASS">
          <reporter-output>
          </reporter-output>
        </test-method> <!-- sub -->
        <test-method signature="sum()[pri:0, instance:com.qa.tests.DemoTest1@28f2a10f]" started-at="2020-10-01T14:23:43Z" name="sum" finished-at="2020-10-01T14:23:43Z" duration-ms="1" status="PASS">
          <reporter-output>
          </reporter-output>
        </test-method> <!-- sum -->
      </class> <!-- com.qa.tests.DemoTest1 -->
      <class name="com.qa.tests.DemoTest2">
        <test-method signature="div()[pri:0, instance:com.qa.tests.DemoTest2@22ef9844]" started-at="2020-10-01T14:23:43Z" name="div" finished-at="2020-10-01T14:23:43Z" duration-ms="1" status="PASS">
          <reporter-output>
          </reporter-output>
        </test-method> <!-- div -->
        <test-method signature="mul()[pri:0, instance:com.qa.tests.DemoTest2@22ef9844]" started-at="2020-10-01T14:23:43Z" name="mul" finished-at="2020-10-01T14:23:43Z" duration-ms="2" status="PASS">
          <reporter-output>
          </reporter-output>
        </test-method> <!-- mul -->
        <test-method signature="sub()[pri:0, instance:com.qa.tests.DemoTest2@22ef9844]" started-at="2020-10-01T14:23:43Z" name="sub" finished-at="2020-10-01T14:23:43Z" duration-ms="0" status="PASS">
          <reporter-output>
          </reporter-output>
        </test-method> <!-- sub -->
        <test-method signature="sum()[pri:0, instance:com.qa.tests.DemoTest2@22ef9844]" started-at="2020-10-01T14:23:43Z" name="sum" finished-at="2020-10-01T14:23:43Z" duration-ms="0" status="PASS">
          <reporter-output>
          </reporter-output>
        </test-method> <!-- sum -->
      </class> <!-- com.qa.tests.DemoTest2 -->
    </test> <!-- Test -->
  </suite> <!-- Suite -->
</testng-results>
