<?xml version="1.0" encoding="UTF-8"?>
<testng-results total="4" passed="4" failed="0" skipped="0">
  <reporter-output>
  </reporter-output>
  <suite started-at="2020-10-01T08:54:37Z" name="Default suite" finished-at="2020-10-01T08:54:37Z" duration-ms="65">
    <groups>
    </groups>
    <test started-at="2020-10-01T08:54:37Z" name="Default test" finished-at="2020-10-01T08:54:37Z" duration-ms="65">
      <class name="com.qa.tests.DemoTest2">
        <test-method signature="div()[pri:0, instance:com.qa.tests.DemoTest2@7c711375]" started-at="2020-10-01T14:24:37Z" name="div" finished-at="2020-10-01T14:24:37Z" duration-ms="23" status="PASS">
          <reporter-output>
          </reporter-output>
        </test-method> <!-- div -->
        <test-method signature="mul()[pri:0, instance:com.qa.tests.DemoTest2@7c711375]" started-at="2020-10-01T14:24:37Z" name="mul" finished-at="2020-10-01T14:24:37Z" duration-ms="3" status="PASS">
          <reporter-output>
          </reporter-output>
        </test-method> <!-- mul -->
        <test-method signature="sub()[pri:0, instance:com.qa.tests.DemoTest2@7c711375]" started-at="2020-10-01T14:24:37Z" name="sub" finished-at="2020-10-01T14:24:37Z" duration-ms="3" status="PASS">
          <reporter-output>
          </reporter-output>
        </test-method> <!-- sub -->
        <test-method signature="sum()[pri:0, instance:com.qa.tests.DemoTest2@7c711375]" started-at="2020-10-01T14:24:37Z" name="sum" finished-at="2020-10-01T14:24:37Z" duration-ms="2" status="PASS">
          <reporter-output>
          </reporter-output>
        </test-method> <!-- sum -->
      </class> <!-- com.qa.tests.DemoTest2 -->
    </test> <!-- Default test -->
  </suite> <!-- Default suite -->
</testng-results>
